2024-09-12 21:28:47 [Info] [Success] PowerShell Version: 7.4.5
2024-09-12 21:28:47 [Info] [Success] Microsoft.Graph.Teams present
2024-09-12 21:28:47 [Info] [Success] Microsoft.Graph.Beta present
2024-09-12 21:28:47 [Info] [Success] Teacher users imported: 5
2024-09-12 21:28:47 [Info] [Success] Student users imported: 6
2024-09-12 21:28:47 [Info] [Success] Connected to Microsoft Graph. TenantID: 5e596159-6741-47f3-a95d-c0b6a37f2f92
2024-09-12 21:28:47 [Info] [Success] Starting processing for fergusbarker_springwest.co.uk#EXT#@northspringit.onmicrosoft.com
2024-09-12 21:28:48 [Info] [Success] User ID: 012365de-9198-47f6-bac3-0a09ac1bf314
2024-09-12 21:28:48 [Info] [Success] Retrieved 3 chats for user fergusbarker_springwest.co.uk#EXT#@northspringit.onmicrosoft.com
2024-09-12 21:28:48 [Info] [Success] Retrieved 2 members for chat 19:012365de-9198-47f6-bac3-0a09ac1bf314_29eb9b3e-bf02-4746-8477-4fd5a2241f04@unq.gbl.spaces
2024-09-12 21:28:48 [Info] [Success] Retrieved 2 members for chat 19:012365de-9198-47f6-bac3-0a09ac1bf314_a3d2965f-727a-4e6c-b83f-de52765cca55@unq.gbl.spaces
2024-09-12 21:28:48 [Info] [Success] Retrieved 2 members for chat 19:012365de-9198-47f6-bac3-0a09ac1bf314_099ce0ed-e42e-431e-bbe6-349d7ffbf819@unq.gbl.spaces
2024-09-12 21:28:48 [Info] [Success] ChatID: 19:012365de-9198-47f6-bac3-0a09ac1bf314_29eb9b3e-bf02-4746-8477-4fd5a2241f04@unq.gbl.spaces is to be deleted because Fergus Barker | SpringWest IT, Phil Cater  | SpringWest IT are not teachers
2024-09-12 21:28:48 [Info] [Success] ChatID: 19:012365de-9198-47f6-bac3-0a09ac1bf314_a3d2965f-727a-4e6c-b83f-de52765cca55@unq.gbl.spaces will not deleted because Thomas Samuel is a teacher
2024-09-12 21:28:48 [Info] [Success] ChatID: 19:012365de-9198-47f6-bac3-0a09ac1bf314_099ce0ed-e42e-431e-bbe6-349d7ffbf819@unq.gbl.spaces will not deleted because Fergus Barker is a teacher
2024-09-12 21:28:48 [Info] [Success] Processing ChatIDs for fergusbarker_springwest.co.uk#EXT#@northspringit.onmicrosoft.com
2024-09-12 21:28:48 [Info] [Success] Soft Deleted ChatID: 19:012365de-9198-47f6-bac3-0a09ac1bf314_29eb9b3e-bf02-4746-8477-4fd5a2241f04@unq.gbl.spaces. Participants: Fergus Barker | SpringWest IT, Phil Cater  | SpringWest IT
2024-09-12 21:28:49 [Info] [Success] Hard Deleted Chat: 19:012365de-9198-47f6-bac3-0a09ac1bf314_29eb9b3e-bf02-4746-8477-4fd5a2241f04@unq.gbl.spaces
2024-09-12 21:28:49 [Info] [Success] Deleted 1 out of 1 chats for fergusbarker_springwest.co.uk#EXT#@northspringit.onmicrosoft.com
2024-09-12 21:28:49 [Info] [Success] Completed processing fergusbarker_springwest.co.uk#EXT#@northspringit.onmicrosoft.com in 1.0838447 seconds
2024-09-12 21:28:49 [Info] [Success] Starting processing for Jacob.Honour_springwest.co.uk#EXT#@northspringit.onmicrosoft.com
2024-09-12 21:28:49 [Info] [Success] User ID: 27887eda-e105-4d1f-bf48-736488fc17c6
2024-09-12 21:28:49 [Info] [Success] Retrieved 3 chats for user Jacob.Honour_springwest.co.uk#EXT#@northspringit.onmicrosoft.com
2024-09-12 21:28:49 [Info] [Success] Retrieved 2 members for chat 19:0080c483-58f9-4b20-aece-f08ac5ca6a92_27887eda-e105-4d1f-bf48-736488fc17c6@unq.gbl.spaces
2024-09-12 21:28:49 [Info] [Success] Retrieved 2 members for chat 19:27887eda-e105-4d1f-bf48-736488fc17c6_a3d2965f-727a-4e6c-b83f-de52765cca55@unq.gbl.spaces
2024-09-12 21:28:49 [Info] [Success] Retrieved 2 members for chat 19:099ce0ed-e42e-431e-bbe6-349d7ffbf819_27887eda-e105-4d1f-bf48-736488fc17c6@unq.gbl.spaces
2024-09-12 21:28:49 [Info] [Success] ChatID: 19:0080c483-58f9-4b20-aece-f08ac5ca6a92_27887eda-e105-4d1f-bf48-736488fc17c6@unq.gbl.spaces will not deleted because Oscar Johnson is a teacher
2024-09-12 21:28:49 [Info] [Success] ChatID: 19:27887eda-e105-4d1f-bf48-736488fc17c6_a3d2965f-727a-4e6c-b83f-de52765cca55@unq.gbl.spaces will not deleted because Thomas Samuel is a teacher
2024-09-12 21:28:49 [Info] [Success] ChatID: 19:099ce0ed-e42e-431e-bbe6-349d7ffbf819_27887eda-e105-4d1f-bf48-736488fc17c6@unq.gbl.spaces will not deleted because Fergus Barker is a teacher
2024-09-12 21:28:49 [Info] [Success] Deleted 0 out of 0 chats for Jacob.Honour_springwest.co.uk#EXT#@northspringit.onmicrosoft.com
2024-09-12 21:28:49 [Info] [Success] Completed processing Jacob.Honour_springwest.co.uk#EXT#@northspringit.onmicrosoft.com in 0.7094987 seconds
2024-09-12 21:28:49 [Info] [Success] Starting processing for emilyharrison_springwest.co.uk#EXT#@northspringit.onmicrosoft.com
2024-09-12 21:28:49 [Info] [Success] User ID: 28d6b705-54b5-4969-b356-b1c5aed07b6a
2024-09-12 21:28:50 [Info] [Success] Retrieved 0 chats for user emilyharrison_springwest.co.uk#EXT#@northspringit.onmicrosoft.com
2024-09-12 21:28:50 [Info] [Success] Deleted 0 out of 0 chats for emilyharrison_springwest.co.uk#EXT#@northspringit.onmicrosoft.com
2024-09-12 21:28:50 [Info] [Success] Completed processing emilyharrison_springwest.co.uk#EXT#@northspringit.onmicrosoft.com in 0.3369878 seconds
2024-09-12 21:28:50 [Info] [Success] Starting processing for philcater_springwest.co.uk#EXT#@northspringit.onmicrosoft.com
2024-09-12 21:28:50 [Info] [Success] User ID: 29eb9b3e-bf02-4746-8477-4fd5a2241f04
2024-09-12 21:28:50 [Info] [Success] Retrieved 0 chats for user philcater_springwest.co.uk#EXT#@northspringit.onmicrosoft.com
2024-09-12 21:28:50 [Info] [Success] Deleted 0 out of 0 chats for philcater_springwest.co.uk#EXT#@northspringit.onmicrosoft.com
2024-09-12 21:28:50 [Info] [Success] Completed processing philcater_springwest.co.uk#EXT#@northspringit.onmicrosoft.com in 0.2861664 seconds
2024-09-12 21:28:50 [Info] [Success] Starting processing for MattPyne_springwest.co.uk#EXT#@northspringit.onmicrosoft.com
2024-09-12 21:28:50 [Info] [Success] User ID: 4dafd8ac-7c5c-4850-aed5-d2f2f5017c8e
2024-09-12 21:28:50 [Info] [Success] Retrieved 0 chats for user MattPyne_springwest.co.uk#EXT#@northspringit.onmicrosoft.com
2024-09-12 21:28:50 [Info] [Success] Deleted 0 out of 0 chats for MattPyne_springwest.co.uk#EXT#@northspringit.onmicrosoft.com
2024-09-12 21:28:50 [Info] [Success] Completed processing MattPyne_springwest.co.uk#EXT#@northspringit.onmicrosoft.com in 0.3465833 seconds
2024-09-12 21:28:50 [Info] [Success] Starting processing for jasonsmall_springwest.co.uk#EXT#@northspringit.onmicrosoft.com
2024-09-12 21:28:50 [Info] [Success] User ID: 6f688621-0dc1-41cc-ba81-561011dc0402
2024-09-12 21:28:50 [Info] [Success] Retrieved 0 chats for user jasonsmall_springwest.co.uk#EXT#@northspringit.onmicrosoft.com
2024-09-12 21:28:51 [Info] [Success] Deleted 0 out of 0 chats for jasonsmall_springwest.co.uk#EXT#@northspringit.onmicrosoft.com
2024-09-12 21:28:51 [Info] [Success] Completed processing jasonsmall_springwest.co.uk#EXT#@northspringit.onmicrosoft.com in 0.2590844 seconds
